# JRE version: OpenJDK Runtime Environment Microsoft-8035246 (17.0.8+7) (build 17.0.8+7-LTS)
# Java VM: OpenJDK 64-Bit Server VM Microsoft-8035246 (17.0.8+7-LTS, mixed mode, sharing, tiered, compressed oops, compressed class ptrs, g1 gc, windows-amd64)
GC Precious Log:
 CPUs: 12 total, 12 available
 Memory: 16074M
 Large Page Support: Disabled
 NUMA Support: Disabled
 Compressed Oops: Enabled (32-bit)
 Heap Region Size: 1M
 Heap Min Capacity: 8M
 Heap Initial Capacity: 252M
 Heap Max Capacity: 2G
 Pre-touch: Disabled
 Parallel Workers: 10
 Concurrent Workers: 3
 Concurrent Refinement Workers: 10
 Periodic GC: Disabled
Heap:
 garbage-first heap   total 286720K, used 175226K [0x0000000080000000, 0x0000000100000000)
  region size 1024K, 10 young (10240K), 5 survivors (5120K)
 Metaspace       used 104145K, committed 105216K, reserved 557056K
  class space    used 14520K, committed 15040K, reserved 425984K
GC Heap History (20 events):
Event: 32.284 GC heap before
{Heap before GC invocations=35 (full 0):
 garbage-first heap   total 203776K, used 168709K [0x0000000080000000, 0x0000000100000000)
  region size 1024K, 68 young (69632K), 10 survivors (10240K)
 Metaspace       used 92843K, committed 93696K, reserved 557056K
  class space    used 13048K, committed 13440K, reserved 425984K
}
Event: 32.309 GC heap after
{Heap after GC invocations=36 (full 0):
 garbage-first heap   total 203776K, used 122385K [0x0000000080000000, 0x0000000100000000)
  region size 1024K, 9 young (9216K), 9 survivors (9216K)
 Metaspace       used 92843K, committed 93696K, reserved 557056K
  class space    used 13048K, committed 13440K, reserved 425984K
}
Event: 32.871 GC heap before
{Heap before GC invocations=36 (full 0):
 garbage-first heap   total 203776K, used 166417K [0x0000000080000000, 0x0000000100000000)
  region size 1024K, 49 young (50176K), 9 survivors (9216K)
 Metaspace       used 94441K, committed 95360K, reserved 557056K
  class space    used 13202K, committed 13632K, reserved 425984K
}
Event: 32.879 GC heap after
{Heap after GC invocations=37 (full 0):
 garbage-first heap   total 203776K, used 135143K [0x0000000080000000, 0x0000000100000000)
  region size 1024K, 7 young (7168K), 7 survivors (7168K)
 Metaspace       used 94441K, committed 95360K, reserved 557056K
  class space    used 13202K, committed 13632K, reserved 425984K
}
Event: 33.261 GC heap before
{Heap before GC invocations=37 (full 0):
 garbage-first heap   total 203776K, used 166887K [0x0000000080000000, 0x0000000100000000)
  region size 1024K, 38 young (38912K), 7 survivors (7168K)
 Metaspace       used 94820K, committed 95808K, reserved 557056K
  class space    used 13249K, committed 13696K, reserved 425984K
}
Event: 33.269 GC heap after
{Heap after GC invocations=38 (full 0):
 garbage-first heap   total 203776K, used 146259K [0x0000000080000000, 0x0000000100000000)
  region size 1024K, 5 young (5120K), 5 survivors (5120K)
 Metaspace       used 94820K, committed 95808K, reserved 557056K
  class space    used 13249K, committed 13696K, reserved 425984K
}
Event: 33.616 GC heap before
{Heap before GC invocations=38 (full 0):
 garbage-first heap   total 203776K, used 167763K [0x0000000080000000, 0x0000000100000000)
  region size 1024K, 26 young (26624K), 5 survivors (5120K)
 Metaspace       used 95687K, committed 96640K, reserved 557056K
  class space    used 13353K, committed 13824K, reserved 425984K
}
Event: 33.622 GC heap after
{Heap after GC invocations=39 (full 0):
 garbage-first heap   total 273408K, used 148772K [0x0000000080000000, 0x0000000100000000)
  region size 1024K, 3 young (3072K), 3 survivors (3072K)
 Metaspace       used 95687K, committed 96640K, reserved 557056K
  class space    used 13353K, committed 13824K, reserved 425984K
}
Event: 34.726 GC heap before
{Heap before GC invocations=39 (full 0):
 garbage-first heap   total 273408K, used 215332K [0x0000000080000000, 0x0000000100000000)
  region size 1024K, 68 young (69632K), 3 survivors (3072K)
 Metaspace       used 100234K, committed 101248K, reserved 557056K
  class space    used 14017K, committed 14528K, reserved 425984K
}
Event: 34.734 GC heap after
{Heap after GC invocations=40 (full 0):
 garbage-first heap   total 273408K, used 153239K [0x0000000080000000, 0x0000000100000000)
  region size 1024K, 7 young (7168K), 7 survivors (7168K)
 Metaspace       used 100234K, committed 101248K, reserved 557056K
  class space    used 14017K, committed 14528K, reserved 425984K
}
Event: 36.250 GC heap before
{Heap before GC invocations=40 (full 0):
 garbage-first heap   total 273408K, used 219799K [0x0000000080000000, 0x0000000100000000)
  region size 1024K, 72 young (73728K), 7 survivors (7168K)
 Metaspace       used 102389K, committed 103360K, reserved 557056K
  class space    used 14266K, committed 14720K, reserved 425984K
}
Event: 36.262 GC heap after
{Heap after GC invocations=41 (full 0):
 garbage-first heap   total 273408K, used 158900K [0x0000000080000000, 0x0000000100000000)
  region size 1024K, 9 young (9216K), 9 survivors (9216K)
 Metaspace       used 102389K, committed 103360K, reserved 557056K
  class space    used 14266K, committed 14720K, reserved 425984K
}
Event: 37.154 GC heap before
{Heap before GC invocations=41 (full 0):
 garbage-first heap   total 273408K, used 202932K [0x0000000080000000, 0x0000000100000000)
  region size 1024K, 53 young (54272K), 9 survivors (9216K)
 Metaspace       used 103255K, committed 104256K, reserved 557056K
  class space    used 14387K, committed 14848K, reserved 425984K
}
Event: 37.167 GC heap after
{Heap after GC invocations=42 (full 0):
 garbage-first heap   total 273408K, used 164422K [0x0000000080000000, 0x0000000100000000)
  region size 1024K, 6 young (6144K), 6 survivors (6144K)
 Metaspace       used 103255K, committed 104256K, reserved 557056K
  class space    used 14387K, committed 14848K, reserved 425984K
}
Event: 38.007 GC heap before
{Heap before GC invocations=43 (full 0):
 garbage-first heap   total 286720K, used 221766K [0x0000000080000000, 0x0000000100000000)
  region size 1024K, 63 young (64512K), 6 survivors (6144K)
 Metaspace       used 104038K, committed 105088K, reserved 557056K
  class space    used 14519K, committed 15040K, reserved 425984K
}
Event: 38.015 GC heap after
{Heap after GC invocations=44 (full 0):
 garbage-first heap   total 286720K, used 169531K [0x0000000080000000, 0x0000000100000000)
  region size 1024K, 6 young (6144K), 6 survivors (6144K)
 Metaspace       used 104038K, committed 105088K, reserved 557056K
  class space    used 14519K, committed 15040K, reserved 425984K
}
Event: 38.054 GC heap before
{Heap before GC invocations=44 (full 0):
 garbage-first heap   total 286720K, used 176699K [0x0000000080000000, 0x0000000100000000)
  region size 1024K, 14 young (14336K), 6 survivors (6144K)
 Metaspace       used 104069K, committed 105152K, reserved 557056K
  class space    used 14520K, committed 15040K, reserved 425984K
}
Event: 38.062 GC heap after
{Heap after GC invocations=45 (full 0):
 garbage-first heap   total 286720K, used 167909K [0x0000000080000000, 0x0000000100000000)
  region size 1024K, 2 young (2048K), 2 survivors (2048K)
 Metaspace       used 104069K, committed 105152K, reserved 557056K
  class space    used 14520K, committed 15040K, reserved 425984K
}
Event: 39.340 GC heap before
{Heap before GC invocations=45 (full 0):
 garbage-first heap   total 286720K, used 235493K [0x0000000080000000, 0x0000000100000000)
  region size 1024K, 68 young (69632K), 2 survivors (2048K)
 Metaspace       used 104137K, committed 105216K, reserved 557056K
  class space    used 14520K, committed 15040K, reserved 425984K
}
Event: 39.344 GC heap after
{Heap after GC invocations=46 (full 0):
 garbage-first heap   total 286720K, used 171130K [0x0000000080000000, 0x0000000100000000)
  region size 1024K, 5 young (5120K), 5 survivors (5120K)
 Metaspace       used 104137K, committed 105216K, reserved 557056K
  class space    used 14520K, committed 15040K, reserved 425984K
}

